***************************************************************************************************
*** 
*** This is a custom banner
*** 
***************************************************************************************************
*** 
*** Module Name          : FrontEndDriver-1632321239467
*** Project Name         : sistem-logger
*** Version              : 1.0.0
*** Configured Timezone  : Asia/Colombo
*** 
***************************************************************************************************
*** 
*** Log Number           : #1
*** Process Start Time   : 9/22/2021, 8:03:59 PM
*** Log Start Time       : 9/22/2021, 8:03:59 PM
*** Log Level            : 0
*** Continuing From      : None
*** 
***************************************************************************************************
*** 
*** Hostname             : NBKDIGI005652
*** OS Release           : 10.0.19043
*** Platform             : win32
*** NodeJS Version       : 14.17.6
*** OpenSSL Version      : 1.1.1l
*** 
***************************************************************************************************
*** 
*** DEPENDENT NPM PACKAGE DETAILS
*** 
*** sistem-logger@1.0.0 C:\projetos\sistem-logger
*** `-- (empty)
*** 
*** 
***************************************************************************************************
2021/09/22 | 20:04:00 | INFO | This is an information
2021/09/22 | 20:04:00 | WARN | This is a warning
2021/09/22 | 20:04:00 | CRIT | This is a critical message
2021/09/22 | 20:04:00 | DEBUG | Wassup
[T9]~ {
[T9]~     "eyes": 2,
[T9]~     "feet": 2,
[T9]~     "hands": 2,
[T9]~     "eyeColor": "blue"
[T9]~ }
2021/09/22 | 20:04:00 | INFO | Wassup
[L3]~ {
[L3]~     "eyes": 2,
[L3]~     "feet": 2,
[L3]~     "hands": 2,
[L3]~     "eyeColor": "blue"
[L3]~ }
2021/09/22 | 20:04:00 | WARN | Wassup
[R3]~ {
[R3]~     "eyes": 2,
[R3]~     "feet": 2,
[R3]~     "hands": 2,
[R3]~     "eyeColor": "blue"
[R3]~ }
2021/09/22 | 20:04:00 | CRIT | Wassup
[83]~ {
[83]~     "eyes": 2,
[83]~     "feet": 2,
[83]~     "hands": 2,
[83]~     "eyeColor": "blue"
[83]~ }
